<?xml version="1.0" encoding="UTF-8"?>
<!-- Generated by org.testng.reporters.JUnitXMLReporter -->
<testsuite ignored="0" hostname="Priya" failures="2" tests="4" name="Test" time="6.227" errors="0" timestamp="2023-02-23T17:08:40 EST">
  <testcase classname="Page_FactoryTestNG.LoginTestNG" name="login_ID" time="3.492"/>
  <testcase classname="Page_FactoryTestNG.LoginTestNG" name="login_ID" time="2.687"/>
  <testcase classname="Page_FactoryTestNG.Data_StructureTestNG" name="datastucture" time="0.005">
    <failure type="java.lang.NullPointerException" message="Cannot invoke &amp;quot;org.openqa.selenium.SearchContext.findElement(org.openqa.selenium.By)&amp;quot; because &amp;quot;this.searchContext&amp;quot; is null">
      <![CDATA[java.lang.NullPointerException: Cannot invoke "org.openqa.selenium.SearchContext.findElement(org.openqa.selenium.By)" because "this.searchContext" is null
at org.openqa.selenium.support.pagefactory.DefaultElementLocator.findElement(DefaultElementLocator.java:70)
at org.openqa.selenium.support.pagefactory.internal.LocatingElementHandler.invoke(LocatingElementHandler.java:39)
at jdk.proxy2/jdk.proxy2.$Proxy14.click(Unknown Source)
at Page_FactoryTestNG.Data_StructureTestNG.datastucture(Data_StructureTestNG.java:30)
at java.base/java.util.ArrayList.forEach(ArrayList.java:1511)
... Removed 25 stack frames]]>
    </failure>
  </testcase> <!-- datastucture -->
  <testcase classname="Page_FactoryTestNG.ArrayTestNG" name="Array" time="0.002">
    <failure type="java.lang.NullPointerException" message="Cannot invoke &amp;quot;org.openqa.selenium.WebElement.click()&amp;quot; because &amp;quot;this.datastucture&amp;quot; is null">
      <![CDATA[java.lang.NullPointerException: Cannot invoke "org.openqa.selenium.WebElement.click()" because "this.datastucture" is null
at Page_FactoryTestNG.ArrayTestNG.Array(ArrayTestNG.java:29)
at java.base/java.util.ArrayList.forEach(ArrayList.java:1511)
... Removed 25 stack frames]]>
    </failure>
  </testcase> <!-- Array -->
</testsuite> <!-- Test -->
